<?xml version="1.0" encoding="UTF-8"?>
<!-- Generated by org.testng.reporters.JUnitReportReporter -->
<testsuite skipped="0" hostname="LTIN214380" name="com.selenium.reportANDScreenshits.TakeScreenShtots" tests="1" failures="0" timestamp="03 Oct 2022 09:24:39 GMT" time="17.185" errors="0">
  <testcase name="Login" time="17.185" classname="com.selenium.reportANDScreenshits.TakeScreenShtots"/>
</testsuite> <!-- com.selenium.reportANDScreenshits.TakeScreenShtots -->
